<?xml version="1.0" encoding="UTF-8"?>
<!-- Generated by org.testng.reporters.JUnitXMLReporter -->
<testsuite hostname="LAPTOP-DGJ7AJ6A" failures="1" tests="1" name="Test" time="22.054" errors="0" timestamp="23 Mar 2023 12:38:11 GMT">
  <testcase classname="ghiblisMovie.RegistrationTest" name="testRegistration" time="18.052">
    <failure type="java.lang.AssertionError" message="expected [Registeration Successful] but found [username already exists in our database, please choose a different username]">
      <![CDATA[java.lang.AssertionError: expected [Registeration Successful] but found [username already exists in our database, please choose a different username]
	at ghiblisMovie.RegistrationTest.testRegistration(RegistrationTest.java:81)
... Removed 33 stack frames]]>
    </failure>
  </testcase> <!-- testRegistration -->
</testsuite> <!-- Test -->
