<?xml version="1.0" encoding="UTF-8"?>
<!-- Generated by org.testng.reporters.JUnitXMLReporter -->
<testsuite hostname="LAPTOP-DGJ7AJ6A" failures="1" tests="2" name="Test" time="23.469" errors="0" timestamp="19 Mar 2023 22:15:24 GMT">
  <testcase classname="ghiblisMovie.RegistrationTest" name="testRegistration" time="10.977"/>
  <testcase classname="ghiblisMovie.LoginTest" name="testRegistration" time="4.843">
    <failure type="java.lang.AssertionError" message="The word &amp;apos;You have been loggined in!!!! Choose the course !!!&amp;apos; is not present in the page source. expected [true] but found [false]">
      <![CDATA[java.lang.AssertionError: The word 'You have been loggined in!!!! Choose the course !!!' is not present in the page source. expected [true] but found [false]
	at ghiblisMovie.LoginTest.testRegistration(LoginTest.java:68)
... Removed 30 stack frames]]>
    </failure>
  </testcase> <!-- testRegistration -->
</testsuite> <!-- Test -->
