<?xml version="1.0" encoding="UTF-8"?>
<testng-results total="1" passed="1" failed="0" skipped="0">
  <reporter-output>
  </reporter-output>
  <suite started-at="2023-03-18T23:30:51Z" name="Suite" finished-at="2023-03-18T23:30:59Z" duration-ms="7541">
    <groups>
    </groups>
    <test started-at="2023-03-18T23:30:51Z" name="Test" finished-at="2023-03-18T23:30:59Z" duration-ms="7541">
      <class name="ghiblisMovie.LoginTest">
        <test-method is-config="true" signature="setUp()[pri:0, instance:ghiblisMovie.LoginTest@6f8e8894]" started-at="2023-03-18T23:30:51Z" name="setUp" finished-at="2023-03-18T23:30:54Z" duration-ms="2689" status="PASS">
          <reporter-output>
          </reporter-output>
        </test-method> <!-- setUp -->
        <test-method signature="testRegistration(java.lang.String, java.lang.String, java.lang.String)[pri:0, instance:ghiblisMovie.LoginTest@6f8e8894]" started-at="2023-03-18T23:30:54Z" name="testRegistration" data-provider="loginData" finished-at="2023-03-18T23:30:58Z" duration-ms="4689" status="PASS">
          <params>
            <param index="0">
              <value>
                <![CDATA[Test1]]>
              </value>
            </param>
            <param index="1">
              <value>
                <![CDATA[Test1]]>
              </value>
            </param>
            <param index="2">
              <value>
                <![CDATA[123]]>
              </value>
            </param>
          </params>
          <reporter-output>
          </reporter-output>
        </test-method> <!-- testRegistration -->
        <test-method is-config="true" signature="tearDown()[pri:0, instance:ghiblisMovie.LoginTest@6f8e8894]" started-at="2023-03-18T23:30:58Z" name="tearDown" finished-at="2023-03-18T23:30:59Z" duration-ms="115" status="PASS">
          <reporter-output>
          </reporter-output>
        </test-method> <!-- tearDown -->
      </class> <!-- ghiblisMovie.LoginTest -->
    </test> <!-- Test -->
  </suite> <!-- Suite -->
</testng-results>
