<?xml version="1.0" encoding="UTF-8"?>
<testng-results total="2" passed="2" failed="0" skipped="0">
  <reporter-output>
  </reporter-output>
  <suite started-at="2023-01-28T22:26:39Z" name="Suite" finished-at="2023-01-28T22:27:01Z" duration-ms="21908">
    <groups>
    </groups>
    <test started-at="2023-01-28T22:26:39Z" name="Test" finished-at="2023-01-28T22:27:01Z" duration-ms="21908">
      <class name="ghiblisMovie.RegistrationTest">
        <test-method is-config="true" signature="setUp()[pri:0, instance:ghiblisMovie.RegistrationTest@73eb439a]" started-at="2023-01-28T22:26:39Z" name="setUp" finished-at="2023-01-28T22:26:43Z" duration-ms="3287" status="PASS">
          <reporter-output>
          </reporter-output>
        </test-method> <!-- setUp -->
        <test-method signature="testRegistration(java.lang.String, java.lang.String, java.lang.String, java.lang.String)[pri:0, instance:ghiblisMovie.RegistrationTest@73eb439a]" started-at="2023-01-28T22:26:43Z" name="testRegistration" data-provider="registrationData" finished-at="2023-01-28T22:26:52Z" duration-ms="9110" status="PASS">
          <params>
            <param index="0">
              <value>
                <![CDATA[Test1]]>
              </value>
            </param>
            <param index="1">
              <value>
                <![CDATA[Test1]]>
              </value>
            </param>
            <param index="2">
              <value>
                <![CDATA[Test1]]>
              </value>
            </param>
            <param index="3">
              <value>
                <![CDATA[Test1@abc.com]]>
              </value>
            </param>
          </params>
          <reporter-output>
          </reporter-output>
        </test-method> <!-- testRegistration -->
        <test-method is-config="true" signature="tearDown()[pri:0, instance:ghiblisMovie.RegistrationTest@73eb439a]" started-at="2023-01-28T22:26:52Z" name="tearDown" finished-at="2023-01-28T22:26:52Z" duration-ms="438" status="PASS">
          <reporter-output>
          </reporter-output>
        </test-method> <!-- tearDown -->
      </class> <!-- ghiblisMovie.RegistrationTest -->
      <class name="ghiblisMovie.LoginTest">
        <test-method is-config="true" signature="setUp()[pri:0, instance:ghiblisMovie.LoginTest@514646ef]" started-at="2023-01-28T22:26:52Z" name="setUp" finished-at="2023-01-28T22:26:54Z" duration-ms="1686" status="PASS">
          <reporter-output>
          </reporter-output>
        </test-method> <!-- setUp -->
        <test-method signature="testRegistration(java.lang.String, java.lang.String)[pri:0, instance:ghiblisMovie.LoginTest@514646ef]" started-at="2023-01-28T22:26:54Z" name="testRegistration" data-provider="loginData" finished-at="2023-01-28T22:27:01Z" duration-ms="6991" status="PASS">
          <params>
            <param index="0">
              <value>
                <![CDATA[Test1]]>
              </value>
            </param>
            <param index="1">
              <value>
                <![CDATA[Test1]]>
              </value>
            </param>
          </params>
          <reporter-output>
          </reporter-output>
        </test-method> <!-- testRegistration -->
        <test-method is-config="true" signature="tearDown()[pri:0, instance:ghiblisMovie.LoginTest@514646ef]" started-at="2023-01-28T22:27:01Z" name="tearDown" finished-at="2023-01-28T22:27:01Z" duration-ms="350" status="PASS">
          <reporter-output>
          </reporter-output>
        </test-method> <!-- tearDown -->
      </class> <!-- ghiblisMovie.LoginTest -->
    </test> <!-- Test -->
  </suite> <!-- Suite -->
</testng-results>
